2025-07-18T17:32:26.748Z - info: Website generation (lazy) started at 01:32:25
2025-07-18T17:32:27.085Z - warn: ENOENT: no such file or directory, open '/Users/damithch/Repos/nus-cs2103/cs2103-website-base/node_modules/.cache/gh-pages/https!github.com!nus-cs2103-AY2526S1!website.git/book/_markbind/variables.md'
2025-07-18T17:32:27.085Z - warn: ENOENT: no such file or directory, open '/Users/damithch/Repos/nus-cs2103/cs2103-website-base/node_modules/.cache/gh-pages/https!github.com!nus-cs2103-AY2526S1!website.git/_markbind/variables.md'
2025-07-18T17:32:27.104Z - info: Building assets...
2025-07-18T17:32:29.353Z - info: Assets built
2025-07-18T17:32:29.355Z - info: Generating landing page...
2025-07-18T17:32:29.738Z - info: Landing page built, other pages will be built as you navigate to them!
2025-07-18T17:32:29.828Z - info: Site data built
2025-07-18T17:32:29.828Z - info: Website generation (lazy) complete! Total build time: 3.879s
2025-07-18T17:32:29.838Z - info: Serving "/Users/damithch/Repos/nus-cs2103/cs2103-website-base/_site" at http://127.0.0.1:8080
2025-07-18T17:32:29.838Z - info: Press CTRL+C to stop ...
2025-07-18T17:32:53.380Z - info: Building /Users/damithch/Repos/nus-cs2103/cs2103-website-base/se-book-adapted/git-trail/index as some of its dependencies were changed since the last visit
2025-07-18T17:32:53.735Z - info: Site data built
2025-07-18T17:32:53.735Z - info: Lazy website regeneration complete! Total build time: 0.356s
2025-07-18T17:33:18.169Z - info: Building /Users/damithch/Repos/nus-cs2103/cs2103-website-base/book/gitAndGithub/trail/recordingFolderHistory/index as some of its dependencies were changed since the last visit
2025-07-18T17:33:18.582Z - info: Site data built
2025-07-18T17:33:18.582Z - info: Lazy website regeneration complete! Total build time: 0.415s
2025-07-18T17:50:20.168Z - info: [01:50:20] Reload for file change: /Users/damithch/Repos/nus-cs2103/cs2103-website-base/book/common/macros.njk
2025-07-18T17:50:20.169Z - info: Synchronizing opened pages list before reload
2025-07-18T17:50:20.171Z - info: Current opened pages, from most-to-least recent:
2025-07-18T17:50:20.171Z - info: 1. book/gitAndGithub/trail/recordingFolderHistory/index
2025-07-18T17:50:21.187Z - info: Rebuilding 1 pages
2025-07-18T17:50:21.534Z - info: Site data built
2025-07-18T17:50:21.535Z - info: Pages rebuilt
2025-07-18T17:50:21.535Z - info: Website regeneration complete! Total build time: 0.358s
2025-07-18T17:50:44.093Z - info: Building /Users/damithch/Repos/nus-cs2103/cs2103-website-base/se-book-adapted/index as some of its dependencies were changed since the last visit
2025-07-18T17:50:44.234Z - info: Site data built
2025-07-18T17:50:44.234Z - info: Lazy website regeneration complete! Total build time: 0.141s
2025-07-18T17:50:56.278Z - info: Building /Users/damithch/Repos/nus-cs2103/cs2103-website-base/se-book-adapted/chapters/gitAndGithub as some of its dependencies were changed since the last visit
2025-07-18T17:50:58.909Z - info: Site data built
2025-07-18T17:50:58.909Z - info: Lazy website regeneration complete! Total build time: 2.631s
2025-07-18T17:51:49.948Z - info: [01:51:49] Reload for file change: /Users/damithch/Repos/nus-cs2103/cs2103-website-base/book/common/macros.njk
2025-07-18T17:51:49.948Z - info: Synchronizing opened pages list before reload
2025-07-18T17:51:49.949Z - info: Current opened pages, from most-to-least recent:
2025-07-18T17:51:49.949Z - info: 1. se-book-adapted/chapters/gitAndGithub
2025-07-18T17:51:50.969Z - info: Rebuilding 1 pages
2025-07-18T17:51:53.622Z - info: Site data built
2025-07-18T17:51:53.623Z - info: Pages rebuilt
2025-07-18T17:51:53.623Z - info: Website regeneration complete! Total build time: 2.657s
2025-07-18T17:52:03.102Z - info: [01:52:03] Reload for file change: /Users/damithch/Repos/nus-cs2103/cs2103-website-base/book/common/macros.njk
2025-07-18T17:52:03.102Z - info: Synchronizing opened pages list before reload
2025-07-18T17:52:03.102Z - info: Current opened pages, from most-to-least recent:
2025-07-18T17:52:03.102Z - info: 1. se-book-adapted/chapters/gitAndGithub
2025-07-18T17:52:04.121Z - info: Rebuilding 1 pages
2025-07-18T17:52:06.773Z - info: Site data built
2025-07-18T17:52:06.774Z - info: Pages rebuilt
2025-07-18T17:52:06.774Z - info: Website regeneration complete! Total build time: 2.656s
2025-07-18T17:52:31.717Z - info: Building /Users/damithch/Repos/nus-cs2103/cs2103-website-base/book/gitAndGithub/trail/recordingFolderHistory/index as some of its dependencies were changed since the last visit
2025-07-18T17:52:32.084Z - info: Site data built
2025-07-18T17:52:32.084Z - info: Lazy website regeneration complete! Total build time: 0.367s
2025-07-18T18:31:16.647Z - info: [02:31:16] Reload for file change: /Users/damithch/Repos/nus-cs2103/cs2103-website-base/book/gitAndGithub/push/detour-push-to-multiple-repos-fragment.md
2025-07-18T18:31:16.650Z - info: Synchronizing opened pages list before reload
2025-07-18T18:31:16.651Z - info: Current opened pages, from most-to-least recent:
2025-07-18T18:31:16.651Z - info: 1. book/gitAndGithub/trail/recordingFolderHistory/index
2025-07-18T18:31:16.735Z - info: [02:31:16] Reload for file change: /Users/damithch/Repos/nus-cs2103/cs2103-website-base/book/gitAndGithub/push/detour-push-to-multiple-repos-fragment.md
2025-07-18T18:31:16.735Z - info: Synchronizing opened pages list before reload
2025-07-18T18:31:16.735Z - info: Current opened pages, from most-to-least recent:
2025-07-18T18:31:16.735Z - info: 1. book/gitAndGithub/trail/recordingFolderHistory/index
2025-07-18T18:31:16.740Z - info: [02:31:16] Reload for file add: /Users/damithch/Repos/nus-cs2103/cs2103-website-base/book/gitAndGithub/stage/detour-stage-file-deletions-fragment.md
2025-07-18T18:31:16.741Z - info: Synchronizing opened pages list before reload
2025-07-18T18:31:16.741Z - info: Current opened pages, from most-to-least recent:
2025-07-18T18:31:16.741Z - info: 1. book/gitAndGithub/trail/recordingFolderHistory/index
2025-07-18T18:31:17.669Z - info: No pages needed to be rebuilt
2025-07-18T18:31:17.887Z - info: Assets built
2025-07-18T18:31:37.977Z - info: [02:31:37] Reload for file change: /Users/damithch/Repos/nus-cs2103/cs2103-website-base/book/gitAndGithub/stage/text.md
2025-07-18T18:31:37.978Z - info: Synchronizing opened pages list before reload
2025-07-18T18:31:37.978Z - info: Current opened pages, from most-to-least recent:
2025-07-18T18:31:37.978Z - info: 1. book/gitAndGithub/trail/recordingFolderHistory/index
2025-07-18T18:31:38.983Z - info: Rebuilding 1 pages
2025-07-18T18:31:39.346Z - info: Site data built
2025-07-18T18:31:39.346Z - info: Pages rebuilt
2025-07-18T18:31:39.346Z - info: Website regeneration complete! Total build time: 0.366s
2025-07-18T18:31:49.967Z - info: Building /Users/damithch/Repos/nus-cs2103/cs2103-website-base/book/gitAndGithub/stage/index as some of its dependencies were changed since the last visit
2025-07-18T18:31:50.169Z - info: Site data built
2025-07-18T18:31:50.169Z - info: Lazy website regeneration complete! Total build time: 0.202s
2025-07-18T18:32:41.097Z - info: [02:32:41] Reload for file change: /Users/damithch/Repos/nus-cs2103/cs2103-website-base/book/gitAndGithub/stage/detour-stage-file-deletions-fragment.md
2025-07-18T18:32:41.098Z - info: Synchronizing opened pages list before reload
2025-07-18T18:32:41.098Z - info: Current opened pages, from most-to-least recent:
2025-07-18T18:32:41.099Z - info: 1. book/gitAndGithub/stage/index
2025-07-18T18:32:41.099Z - info: 2. book/gitAndGithub/trail/recordingFolderHistory/index
2025-07-18T18:32:42.111Z - info: Rebuilding 2 pages
2025-07-18T18:32:42.533Z - info: Site data built
2025-07-18T18:32:42.533Z - info: Pages rebuilt
2025-07-18T18:32:42.534Z - info: Website regeneration complete! Total build time: 0.425s
2025-07-18T18:33:30.928Z - info: [02:33:30] Reload for file change: /Users/damithch/Repos/nus-cs2103/cs2103-website-base/book/gitAndGithub/stage/detour-stage-file-deletions-fragment.md
2025-07-18T18:33:30.929Z - info: Synchronizing opened pages list before reload
2025-07-18T18:33:30.929Z - info: Current opened pages, from most-to-least recent:
2025-07-18T18:33:30.929Z - info: 1. book/gitAndGithub/stage/index
2025-07-18T18:33:31.933Z - info: Rebuilding 1 pages
2025-07-18T18:33:32.119Z - info: Site data built
2025-07-18T18:33:32.119Z - info: Pages rebuilt
2025-07-18T18:33:32.119Z - info: Website regeneration complete! Total build time: 0.188s
2025-07-18T18:34:59.328Z - info: [02:34:59] Reload for file change: /Users/damithch/Repos/nus-cs2103/cs2103-website-base/book/gitAndGithub/stage/detour-stage-file-deletions-fragment.md
2025-07-18T18:34:59.329Z - info: Synchronizing opened pages list before reload
2025-07-18T18:34:59.329Z - info: Current opened pages, from most-to-least recent:
2025-07-18T18:34:59.329Z - info: 1. book/gitAndGithub/stage/index
2025-07-18T18:35:00.340Z - info: Rebuilding 1 pages
2025-07-18T18:35:00.521Z - info: Site data built
2025-07-18T18:35:00.521Z - info: Pages rebuilt
2025-07-18T18:35:00.521Z - info: Website regeneration complete! Total build time: 0.184s
2025-07-18T18:36:06.097Z - info: [02:36:06] Reload for file change: /Users/damithch/Repos/nus-cs2103/cs2103-website-base/book/gitAndGithub/stage/detour-stage-file-deletions-fragment.md
2025-07-18T18:36:06.097Z - info: Synchronizing opened pages list before reload
2025-07-18T18:36:06.097Z - info: Current opened pages, from most-to-least recent:
2025-07-18T18:36:06.098Z - info: 1. book/gitAndGithub/stage/index
2025-07-18T18:36:07.112Z - info: Rebuilding 1 pages
2025-07-18T18:36:07.292Z - info: Site data built
2025-07-18T18:36:07.293Z - info: Pages rebuilt
2025-07-18T18:36:07.293Z - info: Website regeneration complete! Total build time: 0.183s
2025-07-18T18:36:30.187Z - info: [02:36:30] Reload for file change: /Users/damithch/Repos/nus-cs2103/cs2103-website-base/book/gitAndGithub/stage/detour-stage-file-deletions-fragment.md
2025-07-18T18:36:30.187Z - info: Synchronizing opened pages list before reload
2025-07-18T18:36:30.187Z - info: Current opened pages, from most-to-least recent:
2025-07-18T18:36:30.187Z - info: 1. book/gitAndGithub/stage/index
2025-07-18T18:36:31.190Z - info: Rebuilding 1 pages
2025-07-18T18:36:31.366Z - info: Site data built
2025-07-18T18:36:31.366Z - info: Pages rebuilt
2025-07-18T18:36:31.366Z - info: Website regeneration complete! Total build time: 0.178s
2025-07-18T18:39:06.676Z - info: [02:39:06] Reload for file change: /Users/damithch/Repos/nus-cs2103/cs2103-website-base/book/gitAndGithub/stage/detour-stage-file-deletions-fragment.md
2025-07-18T18:39:06.677Z - info: Synchronizing opened pages list before reload
2025-07-18T18:39:06.677Z - info: Current opened pages, from most-to-least recent:
2025-07-18T18:39:06.677Z - info: 1. book/gitAndGithub/stage/index
2025-07-18T18:39:07.688Z - info: Rebuilding 1 pages
2025-07-18T18:39:07.873Z - info: Site data built
2025-07-18T18:39:07.873Z - info: Pages rebuilt
2025-07-18T18:39:07.873Z - info: Website regeneration complete! Total build time: 0.188s
2025-07-18T18:40:44.417Z - info: [02:40:44] Reload for file change: /Users/damithch/Repos/nus-cs2103/cs2103-website-base/book/gitAndGithub/stage/detour-stage-file-deletions-fragment.md
2025-07-18T18:40:44.417Z - info: Synchronizing opened pages list before reload
2025-07-18T18:40:44.417Z - info: Current opened pages, from most-to-least recent:
2025-07-18T18:40:44.417Z - info: 1. book/gitAndGithub/stage/index
2025-07-18T18:40:45.434Z - info: Rebuilding 1 pages
2025-07-18T18:40:45.615Z - info: Site data built
2025-07-18T18:40:45.615Z - info: Pages rebuilt
2025-07-18T18:40:45.615Z - info: Website regeneration complete! Total build time: 0.182s
2025-07-18T18:42:10.384Z - info: [02:42:10] Reload for file change: /Users/damithch/Repos/nus-cs2103/cs2103-website-base/book/gitAndGithub/stage/detour-stage-file-deletions-fragment.md
2025-07-18T18:42:10.385Z - info: Synchronizing opened pages list before reload
2025-07-18T18:42:10.385Z - info: Current opened pages, from most-to-least recent:
2025-07-18T18:42:10.386Z - info: 1. book/gitAndGithub/stage/index
2025-07-18T18:42:11.398Z - info: Rebuilding 1 pages
2025-07-18T18:42:11.613Z - info: Site data built
2025-07-18T18:42:11.613Z - info: Pages rebuilt
2025-07-18T18:42:11.613Z - info: Website regeneration complete! Total build time: 0.217s
2025-07-19T03:38:35.997Z - info: Website generation (lazy) started at 11:38:35
2025-07-19T03:38:36.276Z - warn: ENOENT: no such file or directory, open '/Users/damithch/Repos/nus-cs2103/cs2103-website-base/node_modules/.cache/gh-pages/https!github.com!nus-cs2103-AY2526S1!website.git/book/_markbind/variables.md'
2025-07-19T03:38:36.276Z - warn: ENOENT: no such file or directory, open '/Users/damithch/Repos/nus-cs2103/cs2103-website-base/node_modules/.cache/gh-pages/https!github.com!nus-cs2103-AY2526S1!website.git/_markbind/variables.md'
2025-07-19T03:38:36.295Z - info: Building assets...
2025-07-19T03:38:38.131Z - info: Assets built
2025-07-19T03:38:38.133Z - info: Generating landing page...
2025-07-19T03:38:38.374Z - info: Landing page built, other pages will be built as you navigate to them!
2025-07-19T03:38:38.444Z - info: Site data built
2025-07-19T03:38:38.444Z - info: Website generation (lazy) complete! Total build time: 3.038s
2025-07-19T03:38:38.452Z - info: Serving "/Users/damithch/Repos/nus-cs2103/cs2103-website-base/_site" at http://127.0.0.1:8080
2025-07-19T03:38:38.452Z - info: Press CTRL+C to stop ...
2025-07-19T03:38:49.005Z - info: Building /Users/damithch/Repos/nus-cs2103/cs2103-website-base/se-book-adapted/index as some of its dependencies were changed since the last visit
2025-07-19T03:38:49.177Z - info: Site data built
2025-07-19T03:38:49.177Z - info: Lazy website regeneration complete! Total build time: 0.173s
2025-07-19T03:39:05.975Z - info: Website generation started at 11:39:05
2025-07-19T03:39:06.170Z - warn: ENOENT: no such file or directory, open '/Users/damithch/Repos/nus-cs2103/cs2103-website-base/node_modules/.cache/gh-pages/https!github.com!nus-cs2103-AY2526S1!website.git/book/_markbind/variables.md'
2025-07-19T03:39:06.170Z - warn: ENOENT: no such file or directory, open '/Users/damithch/Repos/nus-cs2103/cs2103-website-base/node_modules/.cache/gh-pages/https!github.com!nus-cs2103-AY2526S1!website.git/_markbind/variables.md'
2025-07-19T03:39:06.189Z - info: Building assets...
2025-07-19T03:39:07.987Z - info: Assets built
2025-07-19T03:39:07.988Z - info: Generating pages...
2025-07-19T03:39:14.169Z - debug:  
2025-07-19T03:39:14.169Z - debug:  
2025-07-19T03:39:15.979Z - debug:  
2025-07-19T03:39:15.979Z - debug:  
2025-07-19T03:39:15.979Z - debug:  
2025-07-19T03:39:15.979Z - debug:  
2025-07-19T03:39:15.979Z - debug:  
2025-07-19T03:39:15.979Z - debug:  
2025-07-19T03:39:15.979Z - debug:  
2025-07-19T03:39:15.979Z - debug:  
2025-07-19T03:39:15.979Z - debug:  
2025-07-19T03:39:15.979Z - debug:  
2025-07-19T03:39:15.979Z - debug:  
2025-07-19T03:39:15.979Z - debug:  
2025-07-19T03:39:15.979Z - debug:  
2025-07-19T03:39:15.979Z - debug:  
2025-07-19T03:39:17.453Z - debug:  
2025-07-19T03:39:26.231Z - debug:  
2025-07-19T03:40:12.921Z - debug:  
2025-07-19T03:40:23.429Z - debug:  
2025-07-19T03:40:23.451Z - debug:  
2025-07-19T03:40:29.550Z - info: Pages built
2025-07-19T03:40:29.624Z - info: Site data built
2025-07-19T03:40:29.624Z - info: Website generation complete! Total build time: 84.126s
2025-07-19T03:40:29.624Z - info: Build success!
2025-07-19T03:41:06.584Z - info: Website generation started at 11:41:05
2025-07-19T03:41:06.823Z - warn: ENOENT: no such file or directory, open '/Users/damithch/Repos/nus-cs2103/cs2103-website-base/node_modules/.cache/gh-pages/https!github.com!nus-cs2103-AY2526S1!website.git/book/_markbind/variables.md'
2025-07-19T03:41:06.824Z - warn: ENOENT: no such file or directory, open '/Users/damithch/Repos/nus-cs2103/cs2103-website-base/node_modules/.cache/gh-pages/https!github.com!nus-cs2103-AY2526S1!website.git/_markbind/variables.md'
2025-07-19T03:41:06.844Z - info: Building assets...
